[2025-04-21T07:40:30.520Z] 服务器启动在 http://localhost:3000
[2025-04-21T07:40:33.531Z] GET /
[2025-04-21T07:40:33.542Z] GET /styles.css
[2025-04-21T07:40:33.543Z] GET /app.js
[2025-04-21T07:40:35.629Z] GET /api/config
[2025-04-21T07:40:35.952Z] GET /api/mails
[2025-04-21T07:40:35.978Z] GET /favicon.ico
[2025-04-21T07:40:37.082Z] API邮件列表响应: 200 - 共5封邮件
[2025-04-21T07:40:37.548Z] GET /serviceWorker.js
[2025-04-21T07:40:37.999Z] GET /api/mails/3140639320
[2025-04-21T07:40:38.825Z] API邮件详情响应: 200 - ID:3140639320 - 主题:Complete code challenge
[2025-04-21T07:40:49.317Z] GET /api/mails
[2025-04-21T07:40:50.148Z] API邮件列表响应: 200 - 共5封邮件
[2025-04-21T07:41:19.695Z] GET /api/mails/3140637959
[2025-04-21T07:41:20.318Z] GET /serviceWorker.js
[2025-04-21T07:41:20.364Z] GET /api/mails/3140636988
[2025-04-21T07:41:20.916Z] API邮件详情响应: 200 - ID:3140637959 - 主题:Complete code challenge
[2025-04-21T07:41:21.554Z] API邮件详情响应: 200 - ID:3140636988 - 主题:Complete code challenge
[2025-04-21T07:41:21.555Z] GET /api/mails/3140636988
[2025-04-21T07:41:21.578Z] GET /api/mails/3140639320
[2025-04-21T07:41:21.850Z] API邮件详情响应: 200 - ID:3140636988 - 主题:Complete code challenge
[2025-04-21T07:41:22.468Z] API邮件详情响应: 200 - ID:3140639320 - 主题:Complete code challenge
[2025-04-21T07:41:35.749Z] GET /api/mails
[2025-04-21T07:41:36.537Z] API邮件列表响应: 200 - 共5封邮件
[2025-04-21T07:42:06.758Z] GET /serviceWorker.js
[2025-04-21T07:42:35.756Z] GET /api/mails
[2025-04-21T07:42:36.609Z] API邮件列表响应: 200 - 共5封邮件
[2025-04-21T07:43:06.762Z] GET /serviceWorker.js
[2025-04-21T07:43:35.770Z] GET /api/mails
[2025-04-21T07:43:36.659Z] API邮件列表响应: 200 - 共5封邮件
[2025-04-21T07:44:06.800Z] GET /serviceWorker.js
[2025-04-21T07:44:35.801Z] GET /api/mails
[2025-04-21T07:44:36.759Z] API邮件列表响应: 200 - 共5封邮件
[2025-04-21T07:45:06.809Z] GET /serviceWorker.js
[2025-04-21T07:45:17.948Z] GET /
[2025-04-21T07:45:17.965Z] GET /app.js
[2025-04-21T07:45:17.966Z] GET /styles.css
[2025-04-21T07:45:18.024Z] GET /api/config
[2025-04-21T07:45:18.189Z] GET /api/mails
[2025-04-21T07:45:18.193Z] GET /favicon.ico
[2025-04-21T07:45:19.095Z] API邮件列表响应: 200 - 共5封邮件
[2025-04-21T07:45:19.596Z] GET /
[2025-04-21T07:45:19.615Z] GET /styles.css
[2025-04-21T07:45:19.615Z] GET /app.js
[2025-04-21T07:45:19.757Z] GET /serviceWorker.js
[2025-04-21T07:45:21.228Z] GET /api/config
[2025-04-21T07:45:21.320Z] GET /api/mails
[2025-04-21T07:45:21.328Z] GET /favicon.ico
[2025-04-21T07:45:21.620Z] API邮件列表响应: 200 - 共5封邮件
[2025-04-21T07:45:24.629Z] GET /api/mails/3140639320
[2025-04-21T07:45:25.520Z] API邮件详情响应: 200 - ID:3140639320 - 主题:Complete code challenge
[2025-04-21T07:45:32.479Z] GET /api/mails/3140639320
[2025-04-21T07:45:33.763Z] API邮件详情响应: 200 - ID:3140639320 - 主题:Complete code challenge
[2025-04-21T07:45:34.746Z] GET /api/mails/3140639320
[2025-04-21T07:45:35.656Z] API邮件详情响应: 200 - ID:3140639320 - 主题:Complete code challenge
[2025-04-21T07:45:38.130Z] GET /api/mails/3140639320
[2025-04-21T07:45:39.112Z] API邮件详情响应: 200 - ID:3140639320 - 主题:Complete code challenge
[2025-04-21T07:45:41.294Z] GET /api/mails/3140635207
[2025-04-21T07:45:42.182Z] GET /api/mails/3140639320
[2025-04-21T07:45:42.310Z] API邮件详情响应: 200 - ID:3140635207 - 主题:Complete code challenge
[2025-04-21T07:45:43.127Z] API邮件详情响应: 200 - ID:3140639320 - 主题:Complete code challenge
[2025-04-21T07:45:44.157Z] GET /api/mails/3140638780
[2025-04-21T07:45:45.057Z] API邮件详情响应: 200 - ID:3140638780 - 主题:Complete code challenge
[2025-04-21T07:45:46.365Z] GET /api/mails/3140637959
[2025-04-21T07:45:47.335Z] API邮件详情响应: 200 - ID:3140637959 - 主题:Complete code challenge
[2025-04-21T07:45:50.007Z] GET /api/mails/3140635207
[2025-04-21T07:45:50.315Z] GET /serviceWorker.js
[2025-04-21T07:45:50.907Z] API邮件详情响应: 200 - ID:3140635207 - 主题:Complete code challenge
[2025-04-21T07:46:21.793Z] GET /api/mails
[2025-04-21T07:46:22.695Z] API邮件列表响应: 200 - 共5封邮件
[2025-04-21T07:47:18.370Z] GET /api/mails/3140639320
[2025-04-21T07:47:19.570Z] API邮件详情响应: 200 - ID:3140639320 - 主题:Complete code challenge
[2025-04-21T07:47:21.233Z] GET /api/mails
[2025-04-21T07:47:21.521Z] API邮件列表响应: 200 - 共5封邮件
[2025-04-21T07:48:21.792Z] GET /api/mails
[2025-04-21T07:48:22.580Z] API邮件列表响应: 200 - 共5封邮件
[2025-04-21T07:49:21.793Z] GET /api/mails
[2025-04-21T07:49:22.699Z] API邮件列表响应: 200 - 共5封邮件
[2025-04-21T07:50:21.792Z] GET /api/mails
[2025-04-21T07:50:22.707Z] API邮件列表响应: 200 - 共5封邮件
[2025-04-21T07:51:25.794Z] GET /api/mails
[2025-04-21T07:51:26.725Z] API邮件列表响应: 200 - 共5封邮件
